[debug] [2023-06-16T21:17:32.947Z] ----------------------------------------------------------------------
[debug] [2023-06-16T21:17:32.949Z] Command:       C:\Program Files\nodejs\node.exe C:\Users\Usuario\AppData\Roaming\npm\node_modules\firebase-tools\lib\bin\firebase.js init
[debug] [2023-06-16T21:17:32.950Z] CLI Version:   12.4.0
[debug] [2023-06-16T21:17:32.950Z] Platform:      win32
[debug] [2023-06-16T21:17:32.950Z] Node Version:  v18.16.0
[debug] [2023-06-16T21:17:32.951Z] Time:          Fri Jun 16 2023 18:17:32 GMT-0300 (hora estándar de Argentina)
[debug] [2023-06-16T21:17:32.951Z] ----------------------------------------------------------------------
[debug] 
[debug] [2023-06-16T21:17:32.958Z] > command requires scopes: ["email","openid","https://www.googleapis.com/auth/cloudplatformprojects.readonly","https://www.googleapis.com/auth/firebase","https://www.googleapis.com/auth/cloud-platform"]
[debug] [2023-06-16T21:17:32.959Z] > authorizing via signed-in user (valee26z@gmail.com)
[info] 
     ######## #### ########  ######## ########     ###     ######  ########
     ##        ##  ##     ## ##       ##     ##  ##   ##  ##       ##
     ######    ##  ########  ######   ########  #########  ######  ######
     ##        ##  ##    ##  ##       ##     ## ##     ##       ## ##
     ##       #### ##     ## ######## ########  ##     ##  ######  ########

You're about to initialize a Firebase project in this directory:

  C:\Users\Usuario\Documents\GitHub\educando-ecommerce\educando-ecommerce\front-end\educando-ecommerce

[info] 
=== Project Setup
[info] 
[info] First, let's associate this project directory with a Firebase project.
[info] You can create multiple project aliases by running firebase use --add, 
[info] but for now we'll just set up a default project.
[info] 
[debug] [2023-06-16T21:17:57.119Z] >>> [apiv2][query] GET https://firebase.googleapis.com/v1beta1/projects pageSize=100
[debug] [2023-06-16T21:17:57.861Z] <<< [apiv2][status] GET https://firebase.googleapis.com/v1beta1/projects 200
[debug] [2023-06-16T21:17:57.861Z] <<< [apiv2][body] GET https://firebase.googleapis.com/v1beta1/projects [omitted]
[info] i  Using project educandoecommerce (educando-ecommerce) 
[info] 
=== Hosting Setup
[info] 
[info] Your public directory is the folder (relative to your project directory) that
[info] will contain Hosting assets to be uploaded with firebase deploy. If you
[info] have a build process for your assets, use your build's output directory.
[info] 
[debug] [2023-06-16T21:28:16.621Z] >>> [apiv2][query] GET https://www.gstatic.com/firebasejs/releases.json [none]
[debug] [2023-06-16T21:28:16.748Z] <<< [apiv2][status] GET https://www.gstatic.com/firebasejs/releases.json 200
[debug] [2023-06-16T21:28:16.749Z] <<< [apiv2][body] GET https://www.gstatic.com/firebasejs/releases.json {"current":{"version":"9.22.2","browserURL":"https://www.gstatic.com/firebasejs/9.22.2/firebase.js","packageURL":"https://www.gstatic.com/firebasejs/9.22.2/firebase.tgz"},"live":{"version":"9.22","browserURL":"https://www.gstatic.com/firebasejs/live/9.22/firebase.js","packageURL":"https://www.gstatic.com/firebasejs/live/9.22/firebase.tgz"},"components":{"analytics":"https://www.gstatic.com/firebasejs/9.22.2/firebase-analytics.js","app":"https://www.gstatic.com/firebasejs/9.22.2/firebase-app.js","app-check":"https://www.gstatic.com/firebasejs/9.22.2/firebase-app-check.js","auth":"https://www.gstatic.com/firebasejs/9.22.2/firebase-auth.js","auth/cordova":"https://www.gstatic.com/firebasejs/9.22.2/firebase-auth/cordova.js","auth/react-native":"https://www.gstatic.com/firebasejs/9.22.2/firebase-auth/react-native.js","functions":"https://www.gstatic.com/firebasejs/9.22.2/firebase-functions.js","firestore":"https://www.gstatic.com/firebasejs/9.22.2/firebase-firestore.js","firestore/lite":"https://www.gstatic.com/firebasejs/9.22.2/firebase-firestore/lite.js","installations":"https://www.gstatic.com/firebasejs/9.22.2/firebase-installations.js","storage":"https://www.gstatic.com/firebasejs/9.22.2/firebase-storage.js","performance":"https://www.gstatic.com/firebasejs/9.22.2/firebase-performance.js","remote-config":"https://www.gstatic.com/firebasejs/9.22.2/firebase-remote-config.js","messaging":"https://www.gstatic.com/firebasejs/9.22.2/firebase-messaging.js","messaging/sw":"https://www.gstatic.com/firebasejs/9.22.2/firebase-messaging/sw.js","database":"https://www.gstatic.com/firebasejs/9.22.2/firebase-database.js","firestore.memory":"https://www.gstatic.com/firebasejs/9.22.2/firebase-firestore.memory.js"}}
[info] +  Wrote dist/index.html 
[info] 
[info] i  Detected a .git folder at C:\Users\Usuario\Documents\GitHub\educando-ecommerce\educando-ecommerce\front-end\educando-ecommerce 
[info] i  Authorizing with GitHub to upload your service account to a GitHub repository's secrets store. 
[info] 
[info] Visit this URL on this device to log in:
[info] https://github.com/login/oauth/authorize?client_id=89cf50f02ac6aaed3484&state=359155960&redirect_uri=http%3A%2F%2Flocalhost%3A9005&scope=read%3Auser%20repo%20public_repo
[info] 
[info] Waiting for authentication...
[debug] [2023-06-16T21:28:24.389Z] >>> [apiv2][query] POST https://github.com/login/oauth/access_token [none]
[debug] [2023-06-16T21:28:24.389Z] >>> [apiv2][body] POST https://github.com/login/oauth/access_token [stream]
[debug] [2023-06-16T21:28:24.767Z] <<< [apiv2][status] POST https://github.com/login/oauth/access_token 200
[debug] [2023-06-16T21:28:24.767Z] <<< [apiv2][body] POST https://github.com/login/oauth/access_token {"access_token":"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","token_type":"bearer","scope":"read:user,repo"}
[debug] [2023-06-16T21:28:24.771Z] >>> [apiv2][query] GET https://api.github.com/user [none]
[debug] [2023-06-16T21:28:25.228Z] <<< [apiv2][status] GET https://api.github.com/user 200
[debug] [2023-06-16T21:28:25.229Z] <<< [apiv2][body] GET https://api.github.com/user {"login":"aguirre-valeria","id":102261096,"node_id":"U_kgDOBhhhaA","avatar_url":"https://avatars.githubusercontent.com/u/102261096?v=4","gravatar_id":"","url":"https://api.github.com/users/aguirre-valeria","html_url":"https://github.com/aguirre-valeria","followers_url":"https://api.github.com/users/aguirre-valeria/followers","following_url":"https://api.github.com/users/aguirre-valeria/following{/other_user}","gists_url":"https://api.github.com/users/aguirre-valeria/gists{/gist_id}","starred_url":"https://api.github.com/users/aguirre-valeria/starred{/owner}{/repo}","subscriptions_url":"https://api.github.com/users/aguirre-valeria/subscriptions","organizations_url":"https://api.github.com/users/aguirre-valeria/orgs","repos_url":"https://api.github.com/users/aguirre-valeria/repos","events_url":"https://api.github.com/users/aguirre-valeria/events{/privacy}","received_events_url":"https://api.github.com/users/aguirre-valeria/received_events","type":"User","site_admin":false,"name":"Valeria Aguirre","company":null,"blog":"","location":null,"email":null,"hireable":null,"bio":null,"twitter_username":null,"public_repos":18,"public_gists":0,"followers":2,"following":3,"created_at":"2022-03-23T21:38:14Z","updated_at":"2023-06-05T11:13:35Z","private_gists":0,"total_private_repos":1,"owned_private_repos":1,"disk_usage":205494,"collaborators":0,"two_factor_authentication":false,"plan":{"name":"pro","space":976562499,"collaborators":0,"private_repos":9999}}
[info] 
[info] +  Success! Logged into GitHub as aguirre-valeria 
[info] 
